<?xml version="1.0"?>
<component
  name="org.nuxeo.ecm.platform.semanticentities.SemanticAnalysisServiceTest">
  <require>org.nuxeo.ecm.platform.semanticentities.service.LocalEntityServiceImpl</require>
  <require>org.nuxeo.ecm.platform.semanticentities.service.RemoteEntityServiceImpl</require>
  <require>org.nuxeo.ecm.core.convert.service.ConversionServiceImpl</require>
  <require>org.nuxeo.ecm.core.api.pathsegment.PathSegmentService</require>
  <require>org.nuxeo.ecm.core.schema.TypeService</require>

  <!-- Override the default service implementation to work offline for the tests -->
  <implementation
    class="org.nuxeo.ecm.platform.semanticentities.service.MockSemanticAnalysisServiceImpl" />

  <service>
    <provide
      interface="org.nuxeo.ecm.platform.semanticentities.SemanticAnalysisService" />
  </service>

</component>
