<?xml version="1.0"?>
<component
  name="org.nuxeo.ecm.platform.semanticentities.SemanticAnalysisServiceTest">
  <require>org.nuxeo.ecm.platform.semanticentities.LocalEntityService</require>
  <require>org.nuxeo.ecm.platform.semanticentities.RemoteEntityService</require>

  <implementation
    class="org.nuxeo.ecm.platform.semanticentities.service.MockSemanticAnalysisServiceImpl" />

  <service>
    <provide
      interface="org.nuxeo.ecm.platform.semanticentities.SemanticAnalysisService" />
  </service>

</component>
