<?xml version="1.0"?>
<component name="org.nuxeo.ecm.platform.semanticentities.testRemoteSource">

  <extension target="org.nuxeo.ecm.platform.semanticentities.service.RemoteEntityServiceImpl"
    point="remoteSources">

    <documentation>
      Mock offline remote source for the Stanbol EntityHub knowledge base.
    </documentation>

    <remoteSource name="dbpedia" uriPrefix="http://dbpedia.org/resource/"
      class="org.nuxeo.ecm.platform.semanticentities.sources.MockStanbolEntityHubSource"
      enabled="true">
      <typeMapping default="Entity">
        <type name="Person">http://dbpedia.org/ontology/Person</type>
        <type name="Organization">http://dbpedia.org/ontology/Organisation</type>
        <type name="Place">http://dbpedia.org/ontology/Place</type>
        <type name="Entity">http://www.w3.org/2002/07/owl#Thing</type>
      </typeMapping>
      <propertyMapping>
        <field name="dc:title">http://www.w3.org/2000/01/rdf-schema#label</field>
        <field name="entity:summary">http://www.w3.org/2000/01/rdf-schema#comment</field>
        <field name="entity:altnames">http://www.w3.org/2000/01/rdf-schema#label</field>
        <field name="entity:depiction">http://xmlns.com/foaf/0.1/depiction</field>
        <field name="person:birthDate">http://dbpedia.org/ontology/birthDate</field>
        <field name="person:deathDate">http://dbpedia.org/ontology/deathDate</field>
      </propertyMapping>
      <parameters>
        <!-- won't be used in the actual test because of the mock:
           included just for reference  -->
        <parameter name="stanbolURL">${org.nuxeo.ecm.platform.semanticentities.stanbolUrl}</parameter>
        <parameter name="site">dbpedia</parameter>
      </parameters>
    </remoteSource>

  </extension>

</component>
